[20:38:32] [main/WARN]: Ambiguity between arguments [teleport, destination] and [teleport, targets] with inputs: [Player, 0123, @e, dd12be42-52a9-4a91-a8a1-11c01849e498]
[20:38:32] [main/WARN]: Ambiguity between arguments [teleport, location] and [teleport, destination] with inputs: [0.1 -0.5 .9, 0 0 0]
[20:38:32] [main/WARN]: Ambiguity between arguments [teleport, location] and [teleport, targets] with inputs: [0.1 -0.5 .9, 0 0 0]
[20:38:32] [main/WARN]: Ambiguity between arguments [teleport, targets] and [teleport, destination] with inputs: [Player, 0123, dd12be42-52a9-4a91-a8a1-11c01849e498]
[20:38:33] [main/WARN]: Ambiguity between arguments [teleport, targets, location] and [teleport, targets, destination] with inputs: [0.1 -0.5 .9, 0 0 0]
[20:38:33] [main/INFO]: Loaded 0 recipes
[20:38:33] [main/INFO]: Loaded 0 advancements
[20:38:34] [Server thread/INFO]: Starting minecraft server version 1.13.2
[20:38:34] [Server thread/INFO]: Loading properties
[20:38:34] [Server console handler/ERROR]: Exception handling console input
java.io.IOException: The handle is invalid
	at java.io.FileInputStream.readBytes(Native Method) ~[?:1.8.0_181]
	at java.io.FileInputStream.read(Unknown Source) ~[?:1.8.0_181]
	at java.io.BufferedInputStream.read1(Unknown Source) ~[?:1.8.0_181]
	at java.io.BufferedInputStream.read(Unknown Source) ~[?:1.8.0_181]
	at sun.nio.cs.StreamDecoder.readBytes(Unknown Source) ~[?:1.8.0_181]
	at sun.nio.cs.StreamDecoder.implRead(Unknown Source) ~[?:1.8.0_181]
	at sun.nio.cs.StreamDecoder.read(Unknown Source) ~[?:1.8.0_181]
	at java.io.InputStreamReader.read(Unknown Source) ~[?:1.8.0_181]
	at java.io.BufferedReader.fill(Unknown Source) ~[?:1.8.0_181]
	at java.io.BufferedReader.readLine(Unknown Source) ~[?:1.8.0_181]
	at java.io.BufferedReader.readLine(Unknown Source) ~[?:1.8.0_181]
	at so$2.run(SourceFile:110) [server.jar:?]
[20:38:34] [Server thread/INFO]: Default game type: SURVIVAL
[20:38:34] [Server thread/INFO]: Generating keypair
[20:38:35] [Server thread/INFO]: Starting Minecraft server on *:25565
[20:38:35] [Server thread/INFO]: Using default channel type
[20:38:36] [Server thread/INFO]: Preparing level "world"
[20:38:37] [Server thread/INFO]: Reloading ResourceManager: Default
[20:38:38] [Server thread/INFO]: Loaded 524 recipes
[20:38:39] [Server thread/INFO]: Loaded 571 advancements
[20:38:39] [Server thread/INFO]: Preparing start region for dimension minecraft:overworld
[20:38:39] [Server thread/INFO]: Preparing spawn area: 4%
[20:38:39] [Server thread/INFO]: Preparing spawn area: 8%
[20:38:39] [Server thread/INFO]: Preparing spawn area: 12%
[20:38:39] [Server thread/INFO]: Preparing spawn area: 16%
[20:38:40] [Server thread/INFO]: Preparing spawn area: 20%
[20:38:40] [Server thread/INFO]: Preparing spawn area: 24%
[20:38:40] [Server thread/INFO]: Preparing spawn area: 28%
[20:38:40] [Server thread/INFO]: Preparing spawn area: 32%
[20:38:40] [Server thread/INFO]: Preparing spawn area: 36%
[20:38:40] [Server thread/INFO]: Preparing spawn area: 40%
[20:38:40] [Server thread/INFO]: Preparing spawn area: 44%
[20:38:40] [Server thread/INFO]: Preparing spawn area: 48%
[20:38:40] [Server thread/INFO]: Preparing spawn area: 52%
[20:38:40] [Server thread/INFO]: Preparing spawn area: 56%
[20:38:40] [Server thread/INFO]: Preparing spawn area: 60%
[20:38:40] [Server thread/INFO]: Preparing spawn area: 64%
[20:38:40] [Server thread/INFO]: Preparing spawn area: 68%
[20:38:40] [Server thread/INFO]: Preparing spawn area: 72%
[20:38:40] [Server thread/INFO]: Preparing spawn area: 76%
[20:38:40] [Server thread/INFO]: Preparing spawn area: 80%
[20:38:40] [Server thread/INFO]: Preparing spawn area: 84%
[20:38:40] [Server thread/INFO]: Preparing spawn area: 88%
[20:38:40] [Server thread/INFO]: Preparing spawn area: 92%
[20:38:40] [Server thread/INFO]: Preparing spawn area: 96%
[20:38:40] [Server thread/INFO]: Preparing spawn area: 100%
[20:38:40] [Server thread/INFO]: Time elapsed: 1348 ms
[20:38:40] [Server thread/INFO]: Done (3.890s)! For help, type "help"
[20:45:25] [User Authenticator #1/INFO]: UUID of player clamfactory is d21b3995-01dd-4606-8815-319cec550eab
[20:45:26] [Server thread/INFO]: clamfactory[/68.162.214.155:53690] logged in with entity id 258 at (235.39755453564703, 79.0625, 122.43231461188128)
[20:45:26] [Server thread/INFO]: clamfactory joined the game
[20:46:04] [Server thread/INFO]: clamfactory lost connection: Disconnected
[20:46:04] [Server thread/INFO]: clamfactory left the game
[20:50:11] [Server thread/INFO]: Stopping the server
[20:50:11] [Server thread/INFO]: Stopping server
[20:50:11] [Server thread/INFO]: Saving players
[20:50:11] [Server thread/INFO]: Saving worlds
[20:50:11] [Server thread/INFO]: Saving chunks for level 'world'/minecraft:the_end
[20:50:11] [Server thread/INFO]: Saving chunks for level 'world'/minecraft:overworld
[20:50:11] [Server thread/INFO]: Saving chunks for level 'world'/minecraft:the_nether
[20:50:11] [Server Shutdown Thread/INFO]: Stopping server
[20:50:11] [Server Shutdown Thread/INFO]: Saving players
[20:50:11] [Server Shutdown Thread/INFO]: Saving worlds
[20:50:11] [Server Shutdown Thread/INFO]: Saving chunks for level 'world'/minecraft:the_end
